<?xml version="1.0" encoding="utf-8"?><testsuites name="pytest tests"><testsuite name="pytest" errors="0" failures="0" skipped="0" tests="16" time="3.885" timestamp="2026-07-08T13:56:39.974269+00:00" hostname="agent-env-0ed47a32-89a7-4253-8517-4055b255d317"><testcase classname="backend.tests.test_advance_fees.TestPlayerDuesAdvanceShape" name="test_find_karan" time="1.035" /><testcase classname="backend.tests.test_advance_fees.TestPlayerDuesAdvanceShape" name="test_advance_list_and_fy_end" time="0.178" /><testcase classname="backend.tests.test_advance_fees.TestCollectMixed" name="test_dashboard_before" time="0.235" /><testcase classname="backend.tests.test_advance_fees.TestCollectMixed" name="test_collect_one_due_plus_two_advance" time="0.183" /><testcase classname="backend.tests.test_advance_fees.TestCollectMixed" name="test_receipt_pdf_ok" time="0.286" /><testcase classname="backend.tests.test_advance_fees.TestAdvanceOnly" name="test_advance_only" time="0.175" /><testcase classname="backend.tests.test_advance_fees.TestAdvanceOnly" name="test_dues_after_advance_paid" time="0.161" /><testcase classname="backend.tests.test_advance_fees.TestValidations" name="test_current_month_rejected" time="0.133" /><testcase classname="backend.tests.test_advance_fees.TestValidations" name="test_next_fy_rejected" time="0.125" /><testcase classname="backend.tests.test_advance_fees.TestValidations" name="test_duplicate_selection_rejected" time="0.139" /><testcase classname="backend.tests.test_advance_fees.TestValidations" name="test_already_paid_month_rejected" time="0.137" /><testcase classname="backend.tests.test_advance_fees.TestValidations" name="test_transport_no_config_rejected" time="0.141" /><testcase classname="backend.tests.test_advance_fees.TestValidations" name="test_empty_payload_rejected" time="0.215" /><testcase classname="backend.tests.test_advance_fees.TestValidations" name="test_advance_without_player_id_rejected" time="0.128" /><testcase classname="backend.tests.test_advance_fees.TestDashboardAggregation" name="test_dashboard_after" time="0.156" /><testcase classname="backend.tests.test_advance_fees.TestCleanupFinal" name="test_cleanup_and_verify" time="0.037" /></testsuite></testsuites>