<?xml version="1.0" encoding="utf-8"?><testsuites name="pytest tests"><testsuite name="pytest" errors="0" failures="0" skipped="0" tests="23" time="13.022" timestamp="2026-07-08T12:04:19.918979+00:00" hostname="agent-env-0ed47a32-89a7-4253-8517-4055b255d317"><testcase classname="backend.tests.test_auth_redesign.TestLoginValidation" name="test_non_domain_email_rejected" time="0.341" /><testcase classname="backend.tests.test_auth_redesign.TestLoginValidation" name="test_wrong_password_401" time="0.405" /><testcase classname="backend.tests.test_auth_redesign.TestLoginValidation" name="test_super_admin_login_ok" time="0.541" /><testcase classname="backend.tests.test_auth_redesign.TestOtpEndpointsRemoved" name="test_otp_send_removed" time="0.118" /><testcase classname="backend.tests.test_auth_redesign.TestOtpEndpointsRemoved" name="test_otp_verify_removed" time="0.157" /><testcase classname="backend.tests.test_auth_redesign.TestOtpEndpointsRemoved" name="test_mobile_login_removed" time="0.137" /><testcase classname="backend.tests.test_auth_redesign.TestUserCreate" name="test_missing_email" time="0.159" /><testcase classname="backend.tests.test_auth_redesign.TestUserCreate" name="test_missing_password" time="0.160" /><testcase classname="backend.tests.test_auth_redesign.TestUserCreate" name="test_non_domain_email" time="0.128" /><testcase classname="backend.tests.test_auth_redesign.TestForcePasswordChange" name="test_new_user_must_change_password_on_login" time="0.844" /><testcase classname="backend.tests.test_auth_redesign.TestForcePasswordChange" name="test_change_password_then_relogin" time="1.596" /><testcase classname="backend.tests.test_auth_redesign.TestForcePasswordChange" name="test_teacher_forbidden_admin_route" time="0.560" /><testcase classname="backend.tests.test_auth_redesign.TestSuperAdminReset" name="test_reset_password_flow" time="0.913" /><testcase classname="backend.tests.test_auth_redesign.TestSuperAdminReset" name="test_reset_too_short" time="0.127" /><testcase classname="backend.tests.test_auth_redesign.TestSuperAdminReset" name="test_non_super_admin_forbidden" time="0.846" /><testcase classname="backend.tests.test_auth_redesign.TestUpdateUser" name="test_non_domain_email_rejected" time="0.136" /><testcase classname="backend.tests.test_auth_redesign.TestUpdateUser" name="test_valid_domain_email_update" time="0.151" /><testcase classname="backend.tests.test_auth_redesign.TestUpdateUser" name="test_password_patch_sets_must_change" time="0.879" /><testcase classname="backend.tests.test_auth_redesign.TestDeactivatedAccount" name="test_deactivated_login_forbidden" time="1.077" /><testcase classname="backend.tests.test_auth_redesign.TestDemoAccounts" name="test_demo_login[teacher@prarambhika.com-Teacher@123-teacher]" time="0.411" /><testcase classname="backend.tests.test_auth_redesign.TestDemoAccounts" name="test_demo_login[admin@prarambhika.com-Admin@123-admin]" time="0.406" /><testcase classname="backend.tests.test_auth_redesign.TestDemoAccounts" name="test_demo_login[parent_pws@prarambhika.com-Parent@123-parent]" time="0.415" /><testcase classname="backend.tests.test_auth_redesign.TestDemoAccounts" name="test_demo_login[coach@prarambhika.com-Coach@123-coach]" time="0.651" /></testsuite></testsuites>