<?xml version="1.0" encoding="utf-8"?><testsuites name="pytest tests"><testsuite name="pytest" errors="0" failures="0" skipped="0" tests="14" time="13.094" timestamp="2026-04-29T04:27:17.016288+00:00" hostname="agent-env-0ed47a32-89a7-4253-8517-4055b255d317"><testcase classname="backend.tests.test_coach_workflow.TestAuthMeCoachFields" name="test_coach_me_has_extended_fields" time="1.130" /><testcase classname="backend.tests.test_coach_workflow.TestPlayerExtendedFields" name="test_admin_creates_player_with_full_fields" time="0.805" /><testcase classname="backend.tests.test_coach_workflow.TestPlayerExtendedFields" name="test_get_persisted_extended_fields" time="0.199" /><testcase classname="backend.tests.test_coach_workflow.TestPlayerExtendedFields" name="test_patch_player_updates_skill_and_slot" time="0.292" /><testcase classname="backend.tests.test_coach_workflow.TestPlayerExtendedFields" name="test_cleanup" time="0.246" /><testcase classname="backend.tests.test_coach_workflow.TestCoachPermissionGating" name="test_coach_with_default_perms_can_create_player" time="0.607" /><testcase classname="backend.tests.test_coach_workflow.TestCoachPermissionGating" name="test_coach_with_empty_perms_blocked" time="0.706" /><testcase classname="backend.tests.test_coach_workflow.TestUserUpdateGuards" name="test_admin_updates_coach_perms_and_sport" time="0.311" /><testcase classname="backend.tests.test_coach_workflow.TestUserUpdateGuards" name="test_coach_self_update_cannot_change_perms" time="0.378" /><testcase classname="backend.tests.test_coach_workflow.TestCoachDashboard" name="test_dashboard_shape" time="0.224" /><testcase classname="backend.tests.test_coach_workflow.TestCoachPlayersGrouping" name="test_groups_structure" time="0.302" /><testcase classname="backend.tests.test_coach_workflow.TestCoachAttendance" name="test_post_attendance_default_present_and_one_absent" time="3.874" /><testcase classname="backend.tests.test_coach_workflow.TestCoachAttendance" name="test_idempotent_resubmit_same_date_slot" time="2.593" /><testcase classname="backend.tests.test_coach_workflow.TestCoachAttendance" name="test_history_filter" time="1.134" /></testsuite></testsuites>