<?xml version="1.0" encoding="utf-8"?><testsuites name="pytest tests"><testsuite name="pytest" errors="0" failures="0" skipped="0" tests="37" time="8.753" timestamp="2026-04-29T06:10:24.793262+00:00" hostname="agent-env-0ed47a32-89a7-4253-8517-4055b255d317"><testcase classname="backend.tests.test_command_center.TestCommandCenter" name="test_admin_command_center_shape" time="3.759" /><testcase classname="backend.tests.test_command_center.TestCommandCenter" name="test_super_admin_can_access" time="0.173" /><testcase classname="backend.tests.test_command_center.TestCommandCenter" name="test_non_admin_forbidden[coach]" time="0.151" /><testcase classname="backend.tests.test_command_center.TestCommandCenter" name="test_non_admin_forbidden[teacher]" time="0.121" /><testcase classname="backend.tests.test_command_center.TestCommandCenter" name="test_non_admin_forbidden[warden]" time="0.120" /><testcase classname="backend.tests.test_command_center.TestCommandCenter" name="test_non_admin_forbidden[staff]" time="0.118" /><testcase classname="backend.tests.test_command_center.TestCommandCenter" name="test_non_admin_forbidden[student]" time="0.117" /><testcase classname="backend.tests.test_command_center.TestCommandCenter" name="test_non_admin_forbidden[player]" time="0.119" /><testcase classname="backend.tests.test_command_center.TestCommandCenter" name="test_unauth" time="0.116" /><testcase classname="backend.tests.test_command_center.TestDepartmentSchool" name="test_admin_ok" time="0.121" /><testcase classname="backend.tests.test_command_center.TestDepartmentSchool" name="test_non_admin_forbidden[coach]" time="0.121" /><testcase classname="backend.tests.test_command_center.TestDepartmentSchool" name="test_non_admin_forbidden[teacher]" time="0.156" /><testcase classname="backend.tests.test_command_center.TestDepartmentSchool" name="test_non_admin_forbidden[warden]" time="0.114" /><testcase classname="backend.tests.test_command_center.TestDepartmentSchool" name="test_non_admin_forbidden[staff]" time="0.119" /><testcase classname="backend.tests.test_command_center.TestDepartmentSchool" name="test_non_admin_forbidden[student]" time="0.156" /><testcase classname="backend.tests.test_command_center.TestDepartmentSchool" name="test_non_admin_forbidden[player]" time="0.151" /><testcase classname="backend.tests.test_command_center.TestDepartmentSports" name="test_admin_ok" time="0.122" /><testcase classname="backend.tests.test_command_center.TestDepartmentSports" name="test_non_admin_forbidden[coach]" time="0.119" /><testcase classname="backend.tests.test_command_center.TestDepartmentSports" name="test_non_admin_forbidden[teacher]" time="0.130" /><testcase classname="backend.tests.test_command_center.TestDepartmentSports" name="test_non_admin_forbidden[warden]" time="0.120" /><testcase classname="backend.tests.test_command_center.TestDepartmentSports" name="test_non_admin_forbidden[staff]" time="0.121" /><testcase classname="backend.tests.test_command_center.TestDepartmentSports" name="test_non_admin_forbidden[student]" time="0.129" /><testcase classname="backend.tests.test_command_center.TestDepartmentSports" name="test_non_admin_forbidden[player]" time="0.115" /><testcase classname="backend.tests.test_command_center.TestDepartmentHostel" name="test_admin_ok" time="0.135" /><testcase classname="backend.tests.test_command_center.TestDepartmentHostel" name="test_non_admin_forbidden[coach]" time="0.124" /><testcase classname="backend.tests.test_command_center.TestDepartmentHostel" name="test_non_admin_forbidden[teacher]" time="0.119" /><testcase classname="backend.tests.test_command_center.TestDepartmentHostel" name="test_non_admin_forbidden[warden]" time="0.117" /><testcase classname="backend.tests.test_command_center.TestDepartmentHostel" name="test_non_admin_forbidden[staff]" time="0.116" /><testcase classname="backend.tests.test_command_center.TestDepartmentHostel" name="test_non_admin_forbidden[student]" time="0.134" /><testcase classname="backend.tests.test_command_center.TestDepartmentHostel" name="test_non_admin_forbidden[player]" time="0.140" /><testcase classname="backend.tests.test_command_center.TestDepartmentCanteen" name="test_admin_ok" time="0.128" /><testcase classname="backend.tests.test_command_center.TestDepartmentCanteen" name="test_non_admin_forbidden[coach]" time="0.127" /><testcase classname="backend.tests.test_command_center.TestDepartmentCanteen" name="test_non_admin_forbidden[teacher]" time="0.109" /><testcase classname="backend.tests.test_command_center.TestDepartmentCanteen" name="test_non_admin_forbidden[warden]" time="0.118" /><testcase classname="backend.tests.test_command_center.TestDepartmentCanteen" name="test_non_admin_forbidden[staff]" time="0.120" /><testcase classname="backend.tests.test_command_center.TestDepartmentCanteen" name="test_non_admin_forbidden[student]" time="0.115" /><testcase classname="backend.tests.test_command_center.TestDepartmentCanteen" name="test_non_admin_forbidden[player]" time="0.122" /></testsuite></testsuites>