<?xml version="1.0" encoding="utf-8"?><testsuites name="pytest tests"><testsuite name="pytest" errors="0" failures="0" skipped="0" tests="11" time="10.279" timestamp="2026-07-08T13:05:45.743929+00:00" hostname="agent-env-0ed47a32-89a7-4253-8517-4055b255d317"><testcase classname="tests.test_fees_bug_fix.TestMohitDues" name="test_find_mohit_raj_player" time="6.860" /><testcase classname="tests.test_fees_bug_fix.TestMohitDues" name="test_mohit_has_registration_and_monthly_dues" time="0.177" /><testcase classname="tests.test_fees_bug_fix.TestCollectAndDashboard" name="test_dashboard_before_collect" time="0.814" /><testcase classname="tests.test_fees_bug_fix.TestCollectAndDashboard" name="test_collect_monthly_fee" time="0.193" /><testcase classname="tests.test_fees_bug_fix.TestCollectAndDashboard" name="test_receipt_pdf_available" time="0.327" /><testcase classname="tests.test_fees_bug_fix.TestCollectAndDashboard" name="test_dashboard_after_collect_shows_amount" time="0.185" /><testcase classname="tests.test_fees_bug_fix.TestNewPlayerForcesAlphaAndAutoFees" name="test_create_player_with_org_both_forced_to_alpha" time="0.203" /><testcase classname="tests.test_fees_bug_fix.TestNewPlayerForcesAlphaAndAutoFees" name="test_new_player_has_auto_generated_fees" time="0.692" /><testcase classname="tests.test_fees_bug_fix.TestNewPlayerForcesAlphaAndAutoFees" name="test_db_record_has_alpha_organization" time="0.174" /><testcase classname="tests.test_fees_bug_fix.TestCleanup" name="test_revert_mohit_monthly_fee_to_due" time="0.036" /><testcase classname="tests.test_fees_bug_fix.TestCleanup" name="test_delete_test_player_and_fees" time="0.069" /></testsuite></testsuites>