<?xml version="1.0" encoding="utf-8"?><testsuites name="pytest tests"><testsuite name="pytest" errors="0" failures="0" skipped="0" tests="12" time="3.151" timestamp="2026-07-08T13:56:49.492711+00:00" hostname="agent-env-0ed47a32-89a7-4253-8517-4055b255d317"><testcase classname="backend.tests.test_multi_month_fees.TestDashboardTriggersMaterialization" name="test_dashboard_ok_and_has_balua" time="0.840" /><testcase classname="backend.tests.test_multi_month_fees.TestKaranMultiMonthDues" name="test_find_karan" time="0.148" /><testcase classname="backend.tests.test_multi_month_fees.TestKaranMultiMonthDues" name="test_karan_unpaid_covers_2025_12_through_2026_07" time="0.153" /><testcase classname="backend.tests.test_multi_month_fees.TestCollectMulti" name="test_dashboard_before" time="0.165" /><testcase classname="backend.tests.test_multi_month_fees.TestCollectMulti" name="test_collect_two_months" time="0.166" /><testcase classname="backend.tests.test_multi_month_fees.TestCollectMulti" name="test_receipt_pdf_lists_both_months" time="0.131" /><testcase classname="backend.tests.test_multi_month_fees.TestCollectMultiValidation" name="test_mixed_player_400" time="0.561" /><testcase classname="backend.tests.test_multi_month_fees.TestCollectMultiValidation" name="test_already_paid_400" time="0.146" /><testcase classname="backend.tests.test_multi_month_fees.TestCollectMultiValidation" name="test_online_without_reference_400" time="0.279" /><testcase classname="backend.tests.test_multi_month_fees.TestDashboardReflectsCollection" name="test_collected_today_up_by_batch_and_due_past_down" time="0.161" /><testcase classname="backend.tests.test_multi_month_fees.TestDashboardReflectsCollection" name="test_reports_financial_summary_ok" time="0.181" /><testcase classname="backend.tests.test_multi_month_fees.TestCleanup" name="test_revert_batch_fees" time="0.037" /></testsuite></testsuites>