<?xml version="1.0" encoding="utf-8"?><testsuites name="pytest tests"><testsuite name="pytest" errors="0" failures="1" skipped="0" tests="86" time="79.747" timestamp="2026-04-29T06:10:39.636038+00:00" hostname="agent-env-0ed47a32-89a7-4253-8517-4055b255d317"><testcase classname="backend.tests.test_backend_api.TestAuth" name="test_login_admin" time="0.468" /><testcase classname="backend.tests.test_backend_api.TestAuth" name="test_login_invalid" time="0.408" /><testcase classname="backend.tests.test_backend_api.TestAuth" name="test_me" time="0.511" /><testcase classname="backend.tests.test_backend_api.TestAuth" name="test_me_no_token" time="0.112" /><testcase classname="backend.tests.test_backend_api.TestDashboard" name="test_admin_dashboard" time="0.123" /><testcase classname="backend.tests.test_backend_api.TestTasks" name="test_list_seed_tasks" time="0.118" /><testcase classname="backend.tests.test_backend_api.TestTasks" name="test_list_mine_filter" time="0.552" /><testcase classname="backend.tests.test_backend_api.TestTasks" name="test_list_priority_high" time="0.127" /><testcase classname="backend.tests.test_backend_api.TestTasks" name="test_create_task_and_comment_and_status" time="0.639" /><testcase classname="backend.tests.test_backend_api.TestPeople" name="test_list_students" time="0.124" /><testcase classname="backend.tests.test_backend_api.TestPeople" name="test_player_groups" time="0.113" /><testcase classname="backend.tests.test_backend_api.TestAttendance" name="test_batch_and_list_and_summary" time="0.646" /><testcase classname="backend.tests.test_backend_api.TestHostel" name="test_gate_pass_flow_and_rbac" time="0.898" /><testcase classname="backend.tests.test_backend_api.TestHostel" name="test_roll_call" time="0.235" /><testcase classname="backend.tests.test_backend_api.TestHostel" name="test_hostel_dashboard" time="0.153" /><testcase classname="backend.tests.test_backend_api.TestNotifications" name="test_list_and_read" time="0.246" /><testcase classname="backend.tests.test_backend_api.TestRBAC" name="test_non_admin_cannot_create_user" time="0.120" /><testcase classname="backend.tests.test_coach_workflow.TestAuthMeCoachFields" name="test_coach_me_has_extended_fields" time="0.583" /><testcase classname="backend.tests.test_coach_workflow.TestPlayerExtendedFields" name="test_admin_creates_player_with_full_fields" time="0.513" /><testcase classname="backend.tests.test_coach_workflow.TestPlayerExtendedFields" name="test_get_persisted_extended_fields" time="0.124" /><testcase classname="backend.tests.test_coach_workflow.TestPlayerExtendedFields" name="test_patch_player_updates_skill_and_slot" time="0.137" /><testcase classname="backend.tests.test_coach_workflow.TestPlayerExtendedFields" name="test_cleanup" time="0.119" /><testcase classname="backend.tests.test_coach_workflow.TestCoachPermissionGating" name="test_coach_with_default_perms_can_create_player" time="0.235" /><testcase classname="backend.tests.test_coach_workflow.TestCoachPermissionGating" name="test_coach_with_empty_perms_blocked" time="0.357" /><testcase classname="backend.tests.test_coach_workflow.TestUserUpdateGuards" name="test_admin_updates_coach_perms_and_sport" time="0.124" /><testcase classname="backend.tests.test_coach_workflow.TestUserUpdateGuards" name="test_coach_self_update_cannot_change_perms" time="0.122" /><testcase classname="backend.tests.test_coach_workflow.TestCoachDashboard" name="test_dashboard_shape" time="0.117" /><testcase classname="backend.tests.test_coach_workflow.TestCoachPlayersGrouping" name="test_groups_structure" time="0.116" /><testcase classname="backend.tests.test_coach_workflow.TestCoachAttendance" name="test_post_attendance_default_present_and_one_absent" time="1.407" /><testcase classname="backend.tests.test_coach_workflow.TestCoachAttendance" name="test_idempotent_resubmit_same_date_slot" time="0.249" /><testcase classname="backend.tests.test_coach_workflow.TestCoachAttendance" name="test_history_filter" time="0.345" /><testcase classname="backend.tests.test_command_center.TestCommandCenter" name="test_admin_command_center_shape" time="3.452" /><testcase classname="backend.tests.test_command_center.TestCommandCenter" name="test_super_admin_can_access" time="0.124" /><testcase classname="backend.tests.test_command_center.TestCommandCenter" name="test_non_admin_forbidden[coach]" time="0.114" /><testcase classname="backend.tests.test_command_center.TestCommandCenter" name="test_non_admin_forbidden[teacher]" time="0.117" /><testcase classname="backend.tests.test_command_center.TestCommandCenter" name="test_non_admin_forbidden[warden]" time="0.119" /><testcase classname="backend.tests.test_command_center.TestCommandCenter" name="test_non_admin_forbidden[staff]" time="0.117" /><testcase classname="backend.tests.test_command_center.TestCommandCenter" name="test_non_admin_forbidden[student]" time="0.132" /><testcase classname="backend.tests.test_command_center.TestCommandCenter" name="test_non_admin_forbidden[player]" time="0.116" /><testcase classname="backend.tests.test_command_center.TestCommandCenter" name="test_unauth" time="0.112" /><testcase classname="backend.tests.test_command_center.TestDepartmentSchool" name="test_admin_ok" time="0.126" /><testcase classname="backend.tests.test_command_center.TestDepartmentSchool" name="test_non_admin_forbidden[coach]" time="30.035"><failure message="requests.exceptions.ConnectTimeout: HTTPSConnectionPool(host='unified-track.preview.emergentagent.com', port=443): Max retries exceeded with url: /api/departments/school (Caused by ConnectTimeoutError(&lt;HTTPSConnection(host='unified-track.preview.emergentagent.com', port=443) at 0x7967ca590150&gt;, 'Connection to unified-track.preview.emergentagent.com timed out. (connect timeout=15)'))">/root/.venv/lib/python3.11/site-packages/urllib3/connection.py:204: in _new_conn
    sock = connection.create_connection(
/root/.venv/lib/python3.11/site-packages/urllib3/util/connection.py:85: in create_connection
    raise err
/root/.venv/lib/python3.11/site-packages/urllib3/util/connection.py:73: in create_connection
    sock.connect(sa)
E   TimeoutError: timed out

The above exception was the direct cause of the following exception:
/root/.venv/lib/python3.11/site-packages/urllib3/connectionpool.py:787: in urlopen
    response = self._make_request(
/root/.venv/lib/python3.11/site-packages/urllib3/connectionpool.py:488: in _make_request
    raise new_e
/root/.venv/lib/python3.11/site-packages/urllib3/connectionpool.py:464: in _make_request
    self._validate_conn(conn)
/root/.venv/lib/python3.11/site-packages/urllib3/connectionpool.py:1093: in _validate_conn
    conn.connect()
/root/.venv/lib/python3.11/site-packages/urllib3/connection.py:759: in connect
    self.sock = sock = self._new_conn()
                       ^^^^^^^^^^^^^^^^
/root/.venv/lib/python3.11/site-packages/urllib3/connection.py:213: in _new_conn
    raise ConnectTimeoutError(
E   urllib3.exceptions.ConnectTimeoutError: (&lt;HTTPSConnection(host='unified-track.preview.emergentagent.com', port=443) at 0x7967ca590150&gt;, 'Connection to unified-track.preview.emergentagent.com timed out. (connect timeout=15)')

The above exception was the direct cause of the following exception:
/root/.venv/lib/python3.11/site-packages/requests/adapters.py:645: in send
    resp = conn.urlopen(
/root/.venv/lib/python3.11/site-packages/urllib3/connectionpool.py:841: in urlopen
    retries = retries.increment(
/root/.venv/lib/python3.11/site-packages/urllib3/util/retry.py:535: in increment
    raise MaxRetryError(_pool, url, reason) from reason  # type: ignore[arg-type]
    ^^^^^^^^^^^^^^^^^^^^^^^^^^^^^^^^^^^^^^^^^^^^^^^^^^^
E   urllib3.exceptions.MaxRetryError: HTTPSConnectionPool(host='unified-track.preview.emergentagent.com', port=443): Max retries exceeded with url: /api/departments/school (Caused by ConnectTimeoutError(&lt;HTTPSConnection(host='unified-track.preview.emergentagent.com', port=443) at 0x7967ca590150&gt;, 'Connection to unified-track.preview.emergentagent.com timed out. (connect timeout=15)'))

During handling of the above exception, another exception occurred:
backend/tests/test_command_center.py:97: in test_non_admin_forbidden
    r = requests.get(f"{API}/departments/school", headers=_hdr(tokens[role]), timeout=15)
        ^^^^^^^^^^^^^^^^^^^^^^^^^^^^^^^^^^^^^^^^^^^^^^^^^^^^^^^^^^^^^^^^^^^^^^^^^^^^^^^^^
/root/.venv/lib/python3.11/site-packages/requests/api.py:73: in get
    return request("get", url, params=params, **kwargs)
           ^^^^^^^^^^^^^^^^^^^^^^^^^^^^^^^^^^^^^^^^^^^^
/root/.venv/lib/python3.11/site-packages/requests/api.py:59: in request
    return session.request(method=method, url=url, **kwargs)
           ^^^^^^^^^^^^^^^^^^^^^^^^^^^^^^^^^^^^^^^^^^^^^^^^^
/root/.venv/lib/python3.11/site-packages/requests/sessions.py:592: in request
    resp = self.send(prep, **send_kwargs)
           ^^^^^^^^^^^^^^^^^^^^^^^^^^^^^^
/root/.venv/lib/python3.11/site-packages/requests/sessions.py:706: in send
    r = adapter.send(request, **kwargs)
        ^^^^^^^^^^^^^^^^^^^^^^^^^^^^^^^
/root/.venv/lib/python3.11/site-packages/requests/adapters.py:666: in send
    raise ConnectTimeout(e, request=request)
E   requests.exceptions.ConnectTimeout: HTTPSConnectionPool(host='unified-track.preview.emergentagent.com', port=443): Max retries exceeded with url: /api/departments/school (Caused by ConnectTimeoutError(&lt;HTTPSConnection(host='unified-track.preview.emergentagent.com', port=443) at 0x7967ca590150&gt;, 'Connection to unified-track.preview.emergentagent.com timed out. (connect timeout=15)'))</failure></testcase><testcase classname="backend.tests.test_command_center.TestDepartmentSchool" name="test_non_admin_forbidden[teacher]" time="0.183" /><testcase classname="backend.tests.test_command_center.TestDepartmentSchool" name="test_non_admin_forbidden[warden]" time="0.116" /><testcase classname="backend.tests.test_command_center.TestDepartmentSchool" name="test_non_admin_forbidden[staff]" time="7.355" /><testcase classname="backend.tests.test_command_center.TestDepartmentSchool" name="test_non_admin_forbidden[student]" time="3.242" /><testcase classname="backend.tests.test_command_center.TestDepartmentSchool" name="test_non_admin_forbidden[player]" time="0.124" /><testcase classname="backend.tests.test_command_center.TestDepartmentSports" name="test_admin_ok" time="0.146" /><testcase classname="backend.tests.test_command_center.TestDepartmentSports" name="test_non_admin_forbidden[coach]" time="0.132" /><testcase classname="backend.tests.test_command_center.TestDepartmentSports" name="test_non_admin_forbidden[teacher]" time="0.130" /><testcase classname="backend.tests.test_command_center.TestDepartmentSports" name="test_non_admin_forbidden[warden]" time="0.138" /><testcase classname="backend.tests.test_command_center.TestDepartmentSports" name="test_non_admin_forbidden[staff]" time="0.125" /><testcase classname="backend.tests.test_command_center.TestDepartmentSports" name="test_non_admin_forbidden[student]" time="0.123" /><testcase classname="backend.tests.test_command_center.TestDepartmentSports" name="test_non_admin_forbidden[player]" time="0.130" /><testcase classname="backend.tests.test_command_center.TestDepartmentHostel" name="test_admin_ok" time="0.133" /><testcase classname="backend.tests.test_command_center.TestDepartmentHostel" name="test_non_admin_forbidden[coach]" time="0.153" /><testcase classname="backend.tests.test_command_center.TestDepartmentHostel" name="test_non_admin_forbidden[teacher]" time="0.126" /><testcase classname="backend.tests.test_command_center.TestDepartmentHostel" name="test_non_admin_forbidden[warden]" time="0.126" /><testcase classname="backend.tests.test_command_center.TestDepartmentHostel" name="test_non_admin_forbidden[staff]" time="0.124" /><testcase classname="backend.tests.test_command_center.TestDepartmentHostel" name="test_non_admin_forbidden[student]" time="15.131" /><testcase classname="backend.tests.test_command_center.TestDepartmentHostel" name="test_non_admin_forbidden[player]" time="0.163" /><testcase classname="backend.tests.test_command_center.TestDepartmentCanteen" name="test_admin_ok" time="0.144" /><testcase classname="backend.tests.test_command_center.TestDepartmentCanteen" name="test_non_admin_forbidden[coach]" time="0.128" /><testcase classname="backend.tests.test_command_center.TestDepartmentCanteen" name="test_non_admin_forbidden[teacher]" time="0.117" /><testcase classname="backend.tests.test_command_center.TestDepartmentCanteen" name="test_non_admin_forbidden[warden]" time="0.120" /><testcase classname="backend.tests.test_command_center.TestDepartmentCanteen" name="test_non_admin_forbidden[staff]" time="0.115" /><testcase classname="backend.tests.test_command_center.TestDepartmentCanteen" name="test_non_admin_forbidden[student]" time="0.120" /><testcase classname="backend.tests.test_command_center.TestDepartmentCanteen" name="test_non_admin_forbidden[player]" time="0.129" /><testcase classname="backend.tests.test_manage_permissions.TestAuthMeCanManage" name="test_admin_has_all_kinds" time="0.507" /><testcase classname="backend.tests.test_manage_permissions.TestAuthMeCanManage" name="test_coach_default_player_only" time="0.538" /><testcase classname="backend.tests.test_manage_permissions.TestAuthMeCanManage" name="test_teacher_default_student_only" time="0.566" /><testcase classname="backend.tests.test_manage_permissions.TestAuthMeCanManage" name="test_warden_no_default" time="0.522" /><testcase classname="backend.tests.test_manage_permissions.TestUserCRUD" name="test_admin_creates_coach_with_can_manage" time="0.541" /><testcase classname="backend.tests.test_manage_permissions.TestUserCRUD" name="test_coach_cannot_create_coach" time="0.118" /><testcase classname="backend.tests.test_manage_permissions.TestUserCRUD" name="test_teacher_can_create_student_user_but_can_manage_dropped" time="0.408" /><testcase classname="backend.tests.test_manage_permissions.TestUserCRUD" name="test_non_admin_cannot_create_warden" time="0.117" /><testcase classname="backend.tests.test_manage_permissions.TestUserCRUD" name="test_patch_drops_role_and_can_manage_for_non_admin" time="0.112" /><testcase classname="backend.tests.test_manage_permissions.TestUserCRUD" name="test_admin_patches_user_password_and_phone" time="0.813" /><testcase classname="backend.tests.test_manage_permissions.TestUserCRUD" name="test_coach_self_delete_blocked" time="0.280" /><testcase classname="backend.tests.test_manage_permissions.TestUserCRUD" name="test_admin_delete_user" time="0.231" /><testcase classname="backend.tests.test_manage_permissions.TestPeopleCRUD" name="test_coach_create_player_ok" time="0.114" /><testcase classname="backend.tests.test_manage_permissions.TestPeopleCRUD" name="test_coach_create_student_forbidden" time="0.126" /><testcase classname="backend.tests.test_manage_permissions.TestPeopleCRUD" name="test_teacher_create_student_ok" time="0.118" /><testcase classname="backend.tests.test_manage_permissions.TestPeopleCRUD" name="test_admin_patch_player" time="0.122" /><testcase classname="backend.tests.test_manage_permissions.TestPeopleCRUD" name="test_teacher_patch_player_forbidden" time="0.114" /><testcase classname="backend.tests.test_manage_permissions.TestPeopleCRUD" name="test_delete_people" time="0.527" /></testsuite></testsuites>