<?xml version="1.0" encoding="utf-8"?><testsuites name="pytest tests"><testsuite name="pytest" errors="0" failures="0" skipped="0" tests="12" time="21.098" timestamp="2026-07-08T17:03:54.048603+00:00" hostname="agent-env-0ed47a32-89a7-4253-8517-4055b255d317"><testcase classname="tests.test_staff_permissions_sync.TestBackfill" name="test_super_login_and_users_list" time="2.497" /><testcase classname="tests.test_staff_permissions_sync.TestBackfill" name="test_staff_linked_users_exist" time="0.001" /><testcase classname="tests.test_staff_permissions_sync.TestBackfill" name="test_sonu_kumar_present" time="0.001" /><testcase classname="tests.test_staff_permissions_sync.TestStaffLoginAndPerms" name="test_sonu_can_login" time="0.551" /><testcase classname="tests.test_staff_permissions_sync.TestStaffLoginAndPerms" name="test_patch_permissions_persists" time="0.570" /><testcase classname="tests.test_staff_permissions_sync.TestSyncOnCreate" name="test_create_staff_person_creates_linked_user" time="0.701" /><testcase classname="tests.test_staff_permissions_sync.TestSyncOnCreate" name="test_patch_person_updates_user" time="0.351" /><testcase classname="tests.test_staff_permissions_sync.TestSyncOnCreate" name="test_deactivate_person_deactivates_user_and_blocks_login" time="1.114" /><testcase classname="tests.test_staff_permissions_sync.TestSyncOnCreate" name="test_reactivate_person_reactivates_user" time="0.938" /><testcase classname="tests.test_staff_permissions_sync.TestIdempotency" name="test_restart_backend_and_no_duplicates" time="11.957" /><testcase classname="tests.test_staff_permissions_sync.TestIdempotency" name="test_cleanup_test_person" time="1.104" /><testcase classname="tests.test_staff_permissions_sync.TestIdempotency" name="test_revert_sonu_permissions" time="0.802" /></testsuite></testsuites>